0 info it worked if it ends with ok
1 verbose cli [ '/usr/bin/node',
1 verbose cli   '/usr/bin/npm',
1 verbose cli   'install',
1 verbose cli   '-g',
1 verbose cli   'generatpr-jasmine' ]
2 info using npm@1.4.28
3 info using node@v0.10.37
4 verbose node symlink /usr/bin/node
5 verbose cache add [ 'generatpr-jasmine', null ]
6 verbose cache add name=undefined spec="generatpr-jasmine" args=["generatpr-jasmine",null]
7 verbose parsed url { protocol: null,
7 verbose parsed url   slashes: null,
7 verbose parsed url   auth: null,
7 verbose parsed url   host: null,
7 verbose parsed url   port: null,
7 verbose parsed url   hostname: null,
7 verbose parsed url   hash: null,
7 verbose parsed url   search: null,
7 verbose parsed url   query: null,
7 verbose parsed url   pathname: 'generatpr-jasmine',
7 verbose parsed url   path: 'generatpr-jasmine',
7 verbose parsed url   href: 'generatpr-jasmine' }
8 silly lockFile ff0d063e-generatpr-jasmine generatpr-jasmine
9 verbose lock generatpr-jasmine /home/qlippoth/.npm/ff0d063e-generatpr-jasmine.lock
10 silly lockFile ff0d063e-generatpr-jasmine generatpr-jasmine
11 silly lockFile ff0d063e-generatpr-jasmine generatpr-jasmine
12 verbose addNamed [ 'generatpr-jasmine', '' ]
13 verbose addNamed [ null, '*' ]
14 silly lockFile e17730bc-generatpr-jasmine generatpr-jasmine@
15 verbose lock generatpr-jasmine@ /home/qlippoth/.npm/e17730bc-generatpr-jasmine.lock
16 silly addNameRange { name: 'generatpr-jasmine', range: '*', hasData: false }
17 verbose request where is /generatpr-jasmine
18 verbose request registry https://registry.npmjs.org/
19 verbose request id 8c88bc39bb92f846
20 verbose url raw /generatpr-jasmine
21 verbose url resolving [ 'https://registry.npmjs.org/', './generatpr-jasmine' ]
22 verbose url resolved https://registry.npmjs.org/generatpr-jasmine
23 verbose request where is https://registry.npmjs.org/generatpr-jasmine
24 info trying registry request attempt 1 at 16:34:32
25 http GET https://registry.npmjs.org/generatpr-jasmine
26 http 404 https://registry.npmjs.org/generatpr-jasmine
27 verbose headers { date: 'Mon, 16 Mar 2015 23:34:32 GMT',
27 verbose headers   server: 'CouchDB/1.5.0 (Erlang OTP/R16B03)',
27 verbose headers   'content-type': 'application/json',
27 verbose headers   'cache-control': 'max-age=0',
27 verbose headers   'content-length': '51',
27 verbose headers   'accept-ranges': 'bytes',
27 verbose headers   via: '1.1 varnish',
27 verbose headers   age: '0',
27 verbose headers   'x-served-by': 'cache-lax1433-LAX',
27 verbose headers   'x-cache': 'MISS',
27 verbose headers   'x-cache-hits': '0',
27 verbose headers   'x-timer': 'S1426548872.916401,VS0,VE80',
27 verbose headers   'keep-alive': 'timeout=10, max=50',
27 verbose headers   connection: 'Keep-Alive' }
28 silly registry.get cb [ 404,
28 silly registry.get   { date: 'Mon, 16 Mar 2015 23:34:32 GMT',
28 silly registry.get     server: 'CouchDB/1.5.0 (Erlang OTP/R16B03)',
28 silly registry.get     'content-type': 'application/json',
28 silly registry.get     'cache-control': 'max-age=0',
28 silly registry.get     'content-length': '51',
28 silly registry.get     'accept-ranges': 'bytes',
28 silly registry.get     via: '1.1 varnish',
28 silly registry.get     age: '0',
28 silly registry.get     'x-served-by': 'cache-lax1433-LAX',
28 silly registry.get     'x-cache': 'MISS',
28 silly registry.get     'x-cache-hits': '0',
28 silly registry.get     'x-timer': 'S1426548872.916401,VS0,VE80',
28 silly registry.get     'keep-alive': 'timeout=10, max=50',
28 silly registry.get     connection: 'Keep-Alive' } ]
29 silly lockFile e17730bc-generatpr-jasmine generatpr-jasmine@
30 silly lockFile e17730bc-generatpr-jasmine generatpr-jasmine@
31 error 404 404 Not Found: generatpr-jasmine
31 error 404
31 error 404 'generatpr-jasmine' is not in the npm registry.
31 error 404 You should bug the author to publish it
31 error 404
31 error 404 Note that you can also install from a
31 error 404 tarball, folder, or http url, or git url.
32 error System Linux 3.13.0-45-generic
33 error command "/usr/bin/node" "/usr/bin/npm" "install" "-g" "generatpr-jasmine"
34 error cwd /home/qlippoth/js
35 error node -v v0.10.37
36 error npm -v 1.4.28
37 error code E404
38 verbose exit [ 1, true ]
